<?xml version="1.0" encoding="UTF-8"?>
<!-- Generated by org.testng.reporters.JUnitXMLReporter -->
<testsuite ignored="0" hostname="OmNamahShivay" failures="0" tests="3" name="Default test" time="28.426" errors="0" timestamp="2024-03-01T01:28:56 IST">
  <testcase classname="dataDriven.DataDrivenParameterized" name="Login" time="10.719"/>
  <testcase classname="dataDriven.DataDrivenParameterized" name="Login" time="8.429"/>
  <testcase classname="dataDriven.DataDrivenParameterized" name="Login" time="9.19"/>
</testsuite> <!-- Default test -->
