<?xml version="1.0" encoding="UTF-8"?>
<testng-results ignored="0" total="3" passed="3" failed="0" skipped="0">
  <reporter-output>
  </reporter-output>
  <suite started-at="2024-03-01T01:28:27 IST" name="Default suite" finished-at="2024-03-01T01:28:56 IST" duration-ms="28426">
    <groups>
    </groups>
    <test started-at="2024-03-01T01:28:27 IST" name="Default test" finished-at="2024-03-01T01:28:56 IST" duration-ms="28426">
      <class name="dataDriven.DataDrivenParameterized">
        <test-method signature="Login(java.lang.String,java.lang.String)[pri:0, instance:dataDriven.DataDrivenParameterized@6302bbb1]" started-at="2024-03-01T01:28:27 IST" name="Login" data-provider="DataSet" finished-at="2024-03-01T01:28:38 IST" duration-ms="10719" status="PASS">
          <params>
            <param index="0">
              <value>
                <![CDATA[johnmac@somthing.com]]>
              </value>
            </param>
            <param index="1">
              <value>
                <![CDATA[Johnmac@123]]>
              </value>
            </param>
          </params>
          <reporter-output>
          </reporter-output>
        </test-method> <!-- Login -->
        <test-method signature="Login(java.lang.String,java.lang.String)[pri:0, instance:dataDriven.DataDrivenParameterized@6302bbb1]" started-at="2024-03-01T01:28:38 IST" name="Login" data-provider="DataSet" finished-at="2024-03-01T01:28:47 IST" duration-ms="8429" status="PASS">
          <params>
            <param index="0">
              <value>
                <![CDATA[johnmac@somthing.com]]>
              </value>
            </param>
            <param index="1">
              <value>
                <![CDATA[Johnmac@123]]>
              </value>
            </param>
          </params>
          <reporter-output>
          </reporter-output>
        </test-method> <!-- Login -->
        <test-method signature="Login(java.lang.String,java.lang.String)[pri:0, instance:dataDriven.DataDrivenParameterized@6302bbb1]" started-at="2024-03-01T01:28:47 IST" name="Login" data-provider="DataSet" finished-at="2024-03-01T01:28:56 IST" duration-ms="9190" status="PASS">
          <params>
            <param index="0">
              <value>
                <![CDATA[johnmac@somthing.com]]>
              </value>
            </param>
            <param index="1">
              <value>
                <![CDATA[Johnmac@123]]>
              </value>
            </param>
          </params>
          <reporter-output>
          </reporter-output>
        </test-method> <!-- Login -->
      </class> <!-- dataDriven.DataDrivenParameterized -->
    </test> <!-- Default test -->
  </suite> <!-- Default suite -->
</testng-results>
